<?xml version="1.0" encoding="UTF-8"?>
<!-- Generated by org.testng.reporters.JUnitReportReporter -->
<testsuite skipped="0" hostname="LAPTOP-P9U8PG08" name="Testproject.Test.Example" tests="1" failures="0" timestamp="20 May 2018 15:14:11 GMT" time="90.691" errors="0">
  <testcase name="testd" time="90.691" classname="Testproject.Test.Example"/>
</testsuite> <!-- Testproject.Test.Example -->
