<?xml version="1.0" encoding="UTF-8"?>
<!-- Generated by org.testng.reporters.JUnitReportReporter -->
<testsuite skipped="0" hostname="LAPTOP-P9U8PG08" name="Testproject.Test.Example" tests="1" failures="0" timestamp="19 May 2019 01:19:10 GMT" time="33.808" errors="0">
  <testcase name="testd" time="33.808" classname="Testproject.Test.Example"/>
</testsuite> <!-- Testproject.Test.Example -->
