<?xml version="1.0" encoding="UTF-8"?>
<!-- Generated by org.testng.reporters.JUnitReportReporter -->
<testsuite skipped="0" hostname="LAPTOP-P9U8PG08" name="Testproject.Test.Example2" tests="1" failures="0" timestamp="22 May 2019 01:59:30 GMT" time="51.404" errors="0">
  <testcase name="testd" time="51.404" classname="Testproject.Test.Example2"/>
</testsuite> <!-- Testproject.Test.Example2 -->
